<?xml version="1.0" encoding="UTF-8"?>
<!-- Generated by org.testng.reporters.JUnitXMLReporter -->
<testsuite hostname="Alberts-MacBook-Pro.local" name="Test1" tests="4" failures="1" timestamp="23 Jul 2018 21:58:48 GMT" time="0.022" errors="0">
  <testcase name="@AfterMethod getResult" time="0.0" classname="automaion.test.CanUserSelectPackVariation">
    <failure type="java.lang.NullPointerException">
      <![CDATA[java.lang.NullPointerException
	at automaion.test.StartBrowserWithReport.getResult(StartBrowserWithReport.java:138)
... Removed 29 stack frames]]>
    </failure>
  </testcase> <!-- @AfterMethod getResult -->
  <testcase name="@AfterMethod getResult" time="0.0" classname="automaion.test.CanUserSelectPackVariation">
    <skipped/>
  </testcase> <!-- @AfterMethod getResult -->
  <testcase name="@AfterMethod getResult" time="0.0" classname="automaion.test.CanUserSelectPackVariation">
    <skipped/>
  </testcase> <!-- @AfterMethod getResult -->
  <testcase name="@AfterMethod getResult" time="0.0" classname="automaion.test.CanUserSelectPackVariation">
    <skipped/>
  </testcase> <!-- @AfterMethod getResult -->
  <testcase name="@AfterTest endReport" time="0.0" classname="automaion.test.CanUserSelectPackVariation">
    <skipped/>
  </testcase> <!-- @AfterTest endReport -->
  <testcase name="selectSize" time="0.0" classname="automaion.test.CanUserSelectPackVariation">
    <failure type="java.lang.NullPointerException">
      <![CDATA[java.lang.NullPointerException
	at automaion.test.CanUserSelectPackVariation.selectSize(CanUserSelectPackVariation.java:19)
... Removed 27 stack frames]]>
    </failure>
  </testcase> <!-- selectSize -->
  <testcase name="failTest" time="0.0" classname="automaion.test.CanUserSelectPackVariation">
    <skipped/>
  </testcase> <!-- failTest -->
  <testcase name="passTest" time="0.0" classname="automaion.test.CanUserSelectPackVariation">
    <skipped/>
  </testcase> <!-- passTest -->
  <testcase name="skipTest" time="0.0" classname="automaion.test.CanUserSelectPackVariation">
    <skipped/>
  </testcase> <!-- skipTest -->
</testsuite> <!-- Test1 -->
