<?xml version="1.0" encoding="UTF-8"?>
<testsuite xmlns:xsi="http://www.w3.org/2001/XMLSchema-instance" xsi:schemaLocation="https://maven.apache.org/surefire/maven-surefire-plugin/xsd/surefire-test-report.xsd" name="TestSuite" time="9.813" tests="13" errors="0" skipped="8" failures="3">
  <properties>
[...]
</properties>
  <testcase name="selectSize" classname="automaion.test.CanUserSelectPackVariation" time="0.007">
    <failure type="java.lang.NullPointerException">java.lang.NullPointerException
	at automaion.test.CanUserSelectPackVariation.selectSize(CanUserSelectPackVariation.java:19)
</failure>
    <system-out><![CDATA[*******************
launching chrome browser
]]></system-out>
    <system-err><![CDATA[Starting ChromeDriver 2.40.565386 (45a059dc425e08165f9a10324bd1380cc13ca363) on port 6173
Only local connections are allowed.
]]></system-err>
  </testcase>
  <testcase name="getResult" classname="automaion.test.CanUserSelectPackVariation" time="0.009">
    <failure type="java.lang.NullPointerException">java.lang.NullPointerException
</failure>
  </testcase>
  <testcase name="getResult" classname="automaion.test.CanUserSelectPackVariation" time="0">
    <skipped/>
  </testcase>
  <testcase name="getResult" classname="automaion.test.CanUserSelectPackVariation" time="0">
    <skipped/>
  </testcase>
  <testcase name="getResult" classname="automaion.test.CanUserSelectPackVariation" time="0">
    <skipped/>
  </testcase>
  <testcase name="failTest" classname="automaion.test.CanUserSelectPackVariation" time="0">
    <skipped/>
  </testcase>
  <testcase name="passTest" classname="automaion.test.CanUserSelectPackVariation" time="0">
    <skipped/>
  </testcase>
  <testcase name="skipTest" classname="automaion.test.CanUserSelectPackVariation" time="0">
    <skipped/>
  </testcase>
  <testcase name="endReport" classname="automaion.test.CanUserSelectPackVariation" time="0">
    <skipped/>
  </testcase>
  <testcase name="selectSize" classname="automaion.test.CanUserSelectSizeFromDropDown" time="5.16"/>
  <testcase name="failTest" classname="automaion.test.CanUserSelectSizeFromDropDown" time="0.003">
    <failure message="expected [true] but found [false]" type="java.lang.AssertionError">java.lang.AssertionError: expected [true] but found [false]
</failure>
  </testcase>
  <testcase name="passTest" classname="automaion.test.CanUserSelectSizeFromDropDown" time="0"/>
  <testcase name="skipTest" classname="automaion.test.CanUserSelectSizeFromDropDown" time="0">
    <skipped/>
  </testcase>
</testsuite>